[debug] [2025-01-15T06:04:46.627Z] ----------------------------------------------------------------------
[debug] [2025-01-15T06:04:46.630Z] Command:       D:\Program Files\nodejs\node.exe C:\Users\user\AppData\Roaming\npm\node_modules\firebase-tools\lib\bin\firebase.js login
[debug] [2025-01-15T06:04:46.630Z] CLI Version:   13.15.4
[debug] [2025-01-15T06:04:46.630Z] Platform:      win32
[debug] [2025-01-15T06:04:46.630Z] Node Version:  v20.11.1
[debug] [2025-01-15T06:04:46.630Z] Time:          Wed Jan 15 2025 11:34:46 GMT+0530 (India Standard Time)
[debug] [2025-01-15T06:04:46.631Z] ----------------------------------------------------------------------
[debug] 
[debug] [2025-01-15T06:04:46.634Z] >>> [apiv2][query] GET https://firebase-public.firebaseio.com/cli.json [none]
[info] i  Firebase optionally collects CLI and Emulator Suite usage and error reporting information to help improve our products. Data is collected in accordance with Google's privacy policy (https://policies.google.com/privacy) and is not used to identify you.
 
[debug] [2025-01-15T06:04:47.423Z] <<< [apiv2][status] GET https://firebase-public.firebaseio.com/cli.json 200
[debug] [2025-01-15T06:04:47.423Z] <<< [apiv2][body] GET https://firebase-public.firebaseio.com/cli.json {"cloudBuildErrorAfter":1594252800000,"cloudBuildWarnAfter":1590019200000,"defaultNode10After":1594252800000,"minVersion":"3.0.5","node8DeploysDisabledAfter":1613390400000,"node8RuntimeDisabledAfter":1615809600000,"node8WarnAfter":1600128000000}
[info] i  To change your data collection preference at any time, run `firebase logout` and log in again. 
[info] 
[info] Visit this URL on this device to log in:
[info] https://accounts.google.com/o/oauth2/auth?client_id=563584335869-fgrhgmd47bqnekij5i8b5pr03ho849e6.apps.googleusercontent.com&scope=email%20openid%20https%3A%2F%2Fwww.googleapis.com%2Fauth%2Fcloudplatformprojects.readonly%20https%3A%2F%2Fwww.googleapis.com%2Fauth%2Ffirebase%20https%3A%2F%2Fwww.googleapis.com%2Fauth%2Fcloud-platform&response_type=code&state=971642773&redirect_uri=http%3A%2F%2Flocalhost%3A9005
[info] 
[info] Waiting for authentication...
[debug] [2025-01-15T06:05:59.229Z] >>> [apiv2][query] POST https://accounts.google.com/o/oauth2/token [none]
[debug] [2025-01-15T06:05:59.230Z] >>> [apiv2][body] POST https://accounts.google.com/o/oauth2/token [omitted]
[debug] [2025-01-15T06:05:59.948Z] <<< [apiv2][status] POST https://accounts.google.com/o/oauth2/token 200
[debug] [2025-01-15T06:05:59.948Z] <<< [apiv2][body] POST https://accounts.google.com/o/oauth2/token [omitted]
[info] 
[info] +  Success! Logged in as vrameshkumar260@gmail.com 
[debug] [2025-01-15T06:06:10.082Z] Error: Timed out.
    at Timeout._onTimeout (C:\Users\user\AppData\Roaming\npm\node_modules\firebase-tools\lib\utils.js:268:49)
    at listOnTimeout (node:internal/timers:573:17)
    at process.processTimers (node:internal/timers:514:7)
[error] 
[error] Error: An unexpected error has occurred.
[debug] [2025-01-15T06:06:22.013Z] ----------------------------------------------------------------------
[debug] [2025-01-15T06:06:22.015Z] Command:       D:\Program Files\nodejs\node.exe C:\Users\user\AppData\Roaming\npm\node_modules\firebase-tools\lib\bin\firebase.js init hosting
[debug] [2025-01-15T06:06:22.015Z] CLI Version:   13.15.4
[debug] [2025-01-15T06:06:22.015Z] Platform:      win32
[debug] [2025-01-15T06:06:22.016Z] Node Version:  v20.11.1
[debug] [2025-01-15T06:06:22.016Z] Time:          Wed Jan 15 2025 11:36:22 GMT+0530 (India Standard Time)
[debug] [2025-01-15T06:06:22.016Z] ----------------------------------------------------------------------
[debug] 
[debug] [2025-01-15T06:06:22.023Z] > command requires scopes: ["email","openid","https://www.googleapis.com/auth/cloudplatformprojects.readonly","https://www.googleapis.com/auth/firebase","https://www.googleapis.com/auth/cloud-platform"]
[debug] [2025-01-15T06:06:22.023Z] > authorizing via signed-in user (vrameshkumar260@gmail.com)
[info] 
     ######## #### ########  ######## ########     ###     ######  ########
     ##        ##  ##     ## ##       ##     ##  ##   ##  ##       ##
     ######    ##  ########  ######   ########  #########  ######  ######
     ##        ##  ##    ##  ##       ##     ## ##     ##       ## ##
     ##       #### ##     ## ######## ########  ##     ##  ######  ########

You're about to initialize a Firebase project in this directory:

  D:\FolioX

[info] 
=== Project Setup
[info] 
[info] First, let's associate this project directory with a Firebase project.
[info] You can create multiple project aliases by running firebase use --add, 
[info] but for now we'll just set up a default project.
[info] 
[debug] [2025-01-15T06:06:30.464Z] >>> [apiv2][query] GET https://firebase.googleapis.com/v1beta1/projects pageSize=100
[debug] [2025-01-15T06:06:42.490Z] <<< [apiv2][status] GET https://firebase.googleapis.com/v1beta1/projects 200
[debug] [2025-01-15T06:06:42.491Z] <<< [apiv2][body] GET https://firebase.googleapis.com/v1beta1/projects [omitted]
[info] i  Using project rameshkumar-v (rameshkumar-v) 
[info] 
=== Hosting Setup
[debug] [2025-01-15T06:06:47.879Z] >>> [apiv2][query] GET https://firebase.googleapis.com/v1beta1/projects/rameshkumar-v [none]
[debug] [2025-01-15T06:07:00.221Z] <<< [apiv2][status] GET https://firebase.googleapis.com/v1beta1/projects/rameshkumar-v 200
[debug] [2025-01-15T06:07:00.221Z] <<< [apiv2][body] GET https://firebase.googleapis.com/v1beta1/projects/rameshkumar-v {"projectId":"rameshkumar-v","projectNumber":"653012226162","displayName":"rameshkumar-v","name":"projects/rameshkumar-v","resources":{"hostingSite":"rameshkumar-v"},"state":"ACTIVE","etag":"1_1e90c40c-2e8b-4b8a-ac41-59d16ec18bae"}
[info] 
[info] Your public directory is the folder (relative to your project directory) that
[info] will contain Hosting assets to be uploaded with firebase deploy. If you
[info] have a build process for your assets, use your build's output directory.
[info] 
